Test (3A): initial election ...
Peer 1 become leader
==================
WARNING: DATA RACE
Read at 0x00c0000ce550 by goroutine 9:
  runtime.racereadrange()
      <autogenerated>:1 +0x1b
  6.5840/raft.Make.func1()
      /home/ubuntu/copy-6.5840/src/raft/raft.go:399 +0x39

Previous write at 0x00c0000ce550 by goroutine 25:
  6.5840/raft.(*Raft).AppendEntries()
      /home/ubuntu/copy-6.5840/src/raft/raft.go:214 +0x219
  runtime.call32()
      /usr/local/go/src/runtime/asm_amd64.s:702 +0x48
  reflect.Value.Call()
      /usr/local/go/src/reflect/value.go:339 +0xd7
  6.5840/labrpc.(*Service).dispatch()
      /home/ubuntu/copy-6.5840/src/labrpc/labrpc.go:506 +0x47b
  6.5840/labrpc.(*Server).dispatch()
      /home/ubuntu/copy-6.5840/src/labrpc/labrpc.go:430 +0x265
  6.5840/labrpc.(*Network).processReq.func1()
      /home/ubuntu/copy-6.5840/src/labrpc/labrpc.go:240 +0x9c

Goroutine 9 (running) created at:
  6.5840/raft.Make()
      /home/ubuntu/copy-6.5840/src/raft/raft.go:399 +0x36e
  6.5840/raft.(*config).start1()
      /home/ubuntu/copy-6.5840/src/raft/config.go:322 +0xa4f
  6.5840/raft.make_config()
      /home/ubuntu/copy-6.5840/src/raft/config.go:101 +0x990
  6.5840/raft.TestInitialElection3A()
      /home/ubuntu/copy-6.5840/src/raft/test_test.go:26 +0x50
  testing.tRunner()
      /usr/local/go/src/testing/testing.go:1439 +0x213
  testing.(*T).Run.func1()
      /usr/local/go/src/testing/testing.go:1486 +0x47

Goroutine 25 (finished) created at:
  6.5840/labrpc.(*Network).processReq()
      /home/ubuntu/copy-6.5840/src/labrpc/labrpc.go:239 +0x291
  6.5840/labrpc.MakeNetwork.func1.1()
      /home/ubuntu/copy-6.5840/src/labrpc/labrpc.go:157 +0x9c
==================
==================
WARNING: DATA RACE
Read at 0x00c0000ce510 by goroutine 9:
  6.5840/raft.(*Raft).ticker()
      /home/ubuntu/copy-6.5840/src/raft/raft.go:312 +0x224
  6.5840/raft.Make.func1()
      /home/ubuntu/copy-6.5840/src/raft/raft.go:399 +0x39

Previous write at 0x00c0000ce510 by goroutine 25:
  6.5840/raft.(*Raft).AppendEntries()
      /home/ubuntu/copy-6.5840/src/raft/raft.go:212 +0x194
  runtime.call32()
      /usr/local/go/src/runtime/asm_amd64.s:702 +0x48
  reflect.Value.Call()
      /usr/local/go/src/reflect/value.go:339 +0xd7
  6.5840/labrpc.(*Service).dispatch()
      /home/ubuntu/copy-6.5840/src/labrpc/labrpc.go:506 +0x47b
  6.5840/labrpc.(*Server).dispatch()
      /home/ubuntu/copy-6.5840/src/labrpc/labrpc.go:430 +0x265
  6.5840/labrpc.(*Network).processReq.func1()
      /home/ubuntu/copy-6.5840/src/labrpc/labrpc.go:240 +0x9c

Goroutine 9 (running) created at:
  6.5840/raft.Make()
      /home/ubuntu/copy-6.5840/src/raft/raft.go:399 +0x36e
  6.5840/raft.(*config).start1()
      /home/ubuntu/copy-6.5840/src/raft/config.go:322 +0xa4f
  6.5840/raft.make_config()
      /home/ubuntu/copy-6.5840/src/raft/config.go:101 +0x990
  6.5840/raft.TestInitialElection3A()
      /home/ubuntu/copy-6.5840/src/raft/test_test.go:26 +0x50
  testing.tRunner()
      /usr/local/go/src/testing/testing.go:1439 +0x213
  testing.(*T).Run.func1()
      /usr/local/go/src/testing/testing.go:1486 +0x47

Goroutine 25 (finished) created at:
  6.5840/labrpc.(*Network).processReq()
      /home/ubuntu/copy-6.5840/src/labrpc/labrpc.go:239 +0x291
  6.5840/labrpc.MakeNetwork.func1.1()
      /home/ubuntu/copy-6.5840/src/labrpc/labrpc.go:157 +0x9c
==================
==================
WARNING: DATA RACE
Read at 0x00c0000ce508 by goroutine 7:
  6.5840/raft.(*Raft).GetState()
      /home/ubuntu/copy-6.5840/src/raft/raft.go:100 +0x2e5
  6.5840/raft.(*config).checkOneLeader()
      /home/ubuntu/copy-6.5840/src/raft/config.go:438 +0x27e
  6.5840/raft.TestInitialElection3A()
      /home/ubuntu/copy-6.5840/src/raft/test_test.go:32 +0xbd
  testing.tRunner()
      /usr/local/go/src/testing/testing.go:1439 +0x213
  testing.(*T).Run.func1()
      /usr/local/go/src/testing/testing.go:1486 +0x47

Previous write at 0x00c0000ce508 by goroutine 25:
  6.5840/raft.(*Raft).AppendEntries()
      /home/ubuntu/copy-6.5840/src/raft/raft.go:211 +0x17a
  runtime.call32()
      /usr/local/go/src/runtime/asm_amd64.s:702 +0x48
  reflect.Value.Call()
      /usr/local/go/src/reflect/value.go:339 +0xd7
  6.5840/labrpc.(*Service).dispatch()
      /home/ubuntu/copy-6.5840/src/labrpc/labrpc.go:506 +0x47b
  6.5840/labrpc.(*Server).dispatch()
      /home/ubuntu/copy-6.5840/src/labrpc/labrpc.go:430 +0x265
  6.5840/labrpc.(*Network).processReq.func1()
      /home/ubuntu/copy-6.5840/src/labrpc/labrpc.go:240 +0x9c

Goroutine 7 (running) created at:
  testing.(*T).Run()
      /usr/local/go/src/testing/testing.go:1486 +0x724
  testing.runTests.func1()
      /usr/local/go/src/testing/testing.go:1839 +0x99
  testing.tRunner()
      /usr/local/go/src/testing/testing.go:1439 +0x213
  testing.runTests()
      /usr/local/go/src/testing/testing.go:1837 +0x7e4
  testing.(*M).Run()
      /usr/local/go/src/testing/testing.go:1719 +0xa71
  main.main()
      _testmain.go:101 +0x2e4

Goroutine 25 (finished) created at:
  6.5840/labrpc.(*Network).processReq()
      /home/ubuntu/copy-6.5840/src/labrpc/labrpc.go:239 +0x291
  6.5840/labrpc.MakeNetwork.func1.1()
      /home/ubuntu/copy-6.5840/src/labrpc/labrpc.go:157 +0x9c
==================
==================
WARNING: DATA RACE
Read at 0x00c0000ce530 by goroutine 7:
  6.5840/raft.(*Raft).GetState()
      /home/ubuntu/copy-6.5840/src/raft/raft.go:101 +0x304
  6.5840/raft.(*config).checkOneLeader()
      /home/ubuntu/copy-6.5840/src/raft/config.go:438 +0x27e
  6.5840/raft.TestInitialElection3A()
      /home/ubuntu/copy-6.5840/src/raft/test_test.go:32 +0xbd
  testing.tRunner()
      /usr/local/go/src/testing/testing.go:1439 +0x213
  testing.(*T).Run.func1()
      /usr/local/go/src/testing/testing.go:1486 +0x47

Previous write at 0x00c0000ce530 by goroutine 9:
  6.5840/raft.(*Raft).startElection()
      /home/ubuntu/copy-6.5840/src/raft/raft.go:346 +0xac
  6.5840/raft.(*Raft).ticker()
      /home/ubuntu/copy-6.5840/src/raft/raft.go:315 +0x23d
  6.5840/raft.Make.func1()
      /home/ubuntu/copy-6.5840/src/raft/raft.go:399 +0x39

Goroutine 7 (running) created at:
  testing.(*T).Run()
      /usr/local/go/src/testing/testing.go:1486 +0x724
  testing.runTests.func1()
      /usr/local/go/src/testing/testing.go:1839 +0x99
  testing.tRunner()
      /usr/local/go/src/testing/testing.go:1439 +0x213
  testing.runTests()
      /usr/local/go/src/testing/testing.go:1837 +0x7e4
  testing.(*M).Run()
      /usr/local/go/src/testing/testing.go:1719 +0xa71
  main.main()
      _testmain.go:101 +0x2e4

Goroutine 9 (running) created at:
  6.5840/raft.Make()
      /home/ubuntu/copy-6.5840/src/raft/raft.go:399 +0x36e
  6.5840/raft.(*config).start1()
      /home/ubuntu/copy-6.5840/src/raft/config.go:322 +0xa4f
  6.5840/raft.make_config()
      /home/ubuntu/copy-6.5840/src/raft/config.go:101 +0x990
  6.5840/raft.TestInitialElection3A()
      /home/ubuntu/copy-6.5840/src/raft/test_test.go:26 +0x50
  testing.tRunner()
      /usr/local/go/src/testing/testing.go:1439 +0x213
  testing.(*T).Run.func1()
      /usr/local/go/src/testing/testing.go:1486 +0x47
==================
==================
WARNING: DATA RACE
Read at 0x00c0000ce5b8 by goroutine 7:
  6.5840/raft.(*Raft).GetState()
      /home/ubuntu/copy-6.5840/src/raft/raft.go:100 +0x2e5
  6.5840/raft.(*config).checkOneLeader()
      /home/ubuntu/copy-6.5840/src/raft/config.go:438 +0x27e
  6.5840/raft.TestInitialElection3A()
      /home/ubuntu/copy-6.5840/src/raft/test_test.go:32 +0xbd
  testing.tRunner()
      /usr/local/go/src/testing/testing.go:1439 +0x213
  testing.(*T).Run.func1()
      /usr/local/go/src/testing/testing.go:1486 +0x47

Previous write at 0x00c0000ce5b8 by goroutine 11:
  6.5840/raft.(*Raft).startElection()
      /home/ubuntu/copy-6.5840/src/raft/raft.go:365 +0x45a
  6.5840/raft.(*Raft).ticker()
      /home/ubuntu/copy-6.5840/src/raft/raft.go:315 +0x23d
  6.5840/raft.Make.func1()
      /home/ubuntu/copy-6.5840/src/raft/raft.go:399 +0x39

Goroutine 7 (running) created at:
  testing.(*T).Run()
      /usr/local/go/src/testing/testing.go:1486 +0x724
  testing.runTests.func1()
      /usr/local/go/src/testing/testing.go:1839 +0x99
  testing.tRunner()
      /usr/local/go/src/testing/testing.go:1439 +0x213
  testing.runTests()
      /usr/local/go/src/testing/testing.go:1837 +0x7e4
  testing.(*M).Run()
      /usr/local/go/src/testing/testing.go:1719 +0xa71
  main.main()
      _testmain.go:101 +0x2e4

Goroutine 11 (running) created at:
  6.5840/raft.Make()
      /home/ubuntu/copy-6.5840/src/raft/raft.go:399 +0x36e
  6.5840/raft.(*config).start1()
      /home/ubuntu/copy-6.5840/src/raft/config.go:322 +0xa4f
  6.5840/raft.make_config()
      /home/ubuntu/copy-6.5840/src/raft/config.go:101 +0x990
  6.5840/raft.TestInitialElection3A()
      /home/ubuntu/copy-6.5840/src/raft/test_test.go:26 +0x50
  testing.tRunner()
      /usr/local/go/src/testing/testing.go:1439 +0x213
  testing.(*T).Run.func1()
      /usr/local/go/src/testing/testing.go:1486 +0x47
==================
==================
WARNING: DATA RACE
Read at 0x00c0000ce5e0 by goroutine 7:
  6.5840/raft.(*Raft).GetState()
      /home/ubuntu/copy-6.5840/src/raft/raft.go:101 +0x304
  6.5840/raft.(*config).checkOneLeader()
      /home/ubuntu/copy-6.5840/src/raft/config.go:438 +0x27e
  6.5840/raft.TestInitialElection3A()
      /home/ubuntu/copy-6.5840/src/raft/test_test.go:32 +0xbd
  testing.tRunner()
      /usr/local/go/src/testing/testing.go:1439 +0x213
  testing.(*T).Run.func1()
      /usr/local/go/src/testing/testing.go:1486 +0x47

Previous write at 0x00c0000ce5e0 by goroutine 11:
  6.5840/raft.(*Raft).startElection()
      /home/ubuntu/copy-6.5840/src/raft/raft.go:364 +0x3f1
  6.5840/raft.(*Raft).ticker()
      /home/ubuntu/copy-6.5840/src/raft/raft.go:315 +0x23d
  6.5840/raft.Make.func1()
      /home/ubuntu/copy-6.5840/src/raft/raft.go:399 +0x39

Goroutine 7 (running) created at:
  testing.(*T).Run()
      /usr/local/go/src/testing/testing.go:1486 +0x724
  testing.runTests.func1()
      /usr/local/go/src/testing/testing.go:1839 +0x99
  testing.tRunner()
      /usr/local/go/src/testing/testing.go:1439 +0x213
  testing.runTests()
      /usr/local/go/src/testing/testing.go:1837 +0x7e4
  testing.(*M).Run()
      /usr/local/go/src/testing/testing.go:1719 +0xa71
  main.main()
      _testmain.go:101 +0x2e4

Goroutine 11 (running) created at:
  6.5840/raft.Make()
      /home/ubuntu/copy-6.5840/src/raft/raft.go:399 +0x36e
  6.5840/raft.(*config).start1()
      /home/ubuntu/copy-6.5840/src/raft/config.go:322 +0xa4f
  6.5840/raft.make_config()
      /home/ubuntu/copy-6.5840/src/raft/config.go:101 +0x990
  6.5840/raft.TestInitialElection3A()
      /home/ubuntu/copy-6.5840/src/raft/test_test.go:26 +0x50
  testing.tRunner()
      /usr/local/go/src/testing/testing.go:1439 +0x213
  testing.(*T).Run.func1()
      /usr/local/go/src/testing/testing.go:1486 +0x47
==================
term is: 1
Server 2 term is 0
--- FAIL: TestInitialElection3A (0.59s)
    config.go:473: servers disagree on term
    testing.go:1312: race detected during execution of test
Test (3A): election after network failure ...
Peer 0 become leader
==================
WARNING: DATA RACE
Read at 0x00c000208508 by goroutine 33:
  6.5840/raft.(*Raft).GetState()
      /home/ubuntu/copy-6.5840/src/raft/raft.go:100 +0x2e5
  6.5840/raft.(*config).checkOneLeader()
      /home/ubuntu/copy-6.5840/src/raft/config.go:438 +0x27e
  6.5840/raft.TestReElection3A()
      /home/ubuntu/copy-6.5840/src/raft/test_test.go:62 +0xb4
  testing.tRunner()
      /usr/local/go/src/testing/testing.go:1439 +0x213
  testing.(*T).Run.func1()
      /usr/local/go/src/testing/testing.go:1486 +0x47

Previous write at 0x00c000208508 by goroutine 35:
  6.5840/raft.(*Raft).startElection()
      /home/ubuntu/copy-6.5840/src/raft/raft.go:365 +0x45a
  6.5840/raft.(*Raft).ticker()
      /home/ubuntu/copy-6.5840/src/raft/raft.go:315 +0x23d
  6.5840/raft.Make.func1()
      /home/ubuntu/copy-6.5840/src/raft/raft.go:399 +0x39

Goroutine 33 (running) created at:
  testing.(*T).Run()
      /usr/local/go/src/testing/testing.go:1486 +0x724
  testing.runTests.func1()
      /usr/local/go/src/testing/testing.go:1839 +0x99
  testing.tRunner()
      /usr/local/go/src/testing/testing.go:1439 +0x213
  testing.runTests()
      /usr/local/go/src/testing/testing.go:1837 +0x7e4
  testing.(*M).Run()
      /usr/local/go/src/testing/testing.go:1719 +0xa71
  main.main()
      _testmain.go:101 +0x2e4

Goroutine 35 (running) created at:
  6.5840/raft.Make()
      /home/ubuntu/copy-6.5840/src/raft/raft.go:399 +0x36e
  6.5840/raft.(*config).start1()
      /home/ubuntu/copy-6.5840/src/raft/config.go:322 +0xa4f
  6.5840/raft.make_config()
      /home/ubuntu/copy-6.5840/src/raft/config.go:101 +0x990
  6.5840/raft.TestReElection3A()
      /home/ubuntu/copy-6.5840/src/raft/test_test.go:57 +0x50
  testing.tRunner()
      /usr/local/go/src/testing/testing.go:1439 +0x213
  testing.(*T).Run.func1()
      /usr/local/go/src/testing/testing.go:1486 +0x47
==================
==================
WARNING: DATA RACE
Read at 0x00c000208530 by goroutine 33:
  6.5840/raft.(*Raft).GetState()
      /home/ubuntu/copy-6.5840/src/raft/raft.go:101 +0x304
  6.5840/raft.(*config).checkOneLeader()
      /home/ubuntu/copy-6.5840/src/raft/config.go:438 +0x27e
  6.5840/raft.TestReElection3A()
      /home/ubuntu/copy-6.5840/src/raft/test_test.go:62 +0xb4
  testing.tRunner()
      /usr/local/go/src/testing/testing.go:1439 +0x213
  testing.(*T).Run.func1()
      /usr/local/go/src/testing/testing.go:1486 +0x47

Previous write at 0x00c000208530 by goroutine 35:
  6.5840/raft.(*Raft).startElection()
      /home/ubuntu/copy-6.5840/src/raft/raft.go:364 +0x3f1
  6.5840/raft.(*Raft).ticker()
      /home/ubuntu/copy-6.5840/src/raft/raft.go:315 +0x23d
  6.5840/raft.Make.func1()
      /home/ubuntu/copy-6.5840/src/raft/raft.go:399 +0x39

Goroutine 33 (running) created at:
  testing.(*T).Run()
      /usr/local/go/src/testing/testing.go:1486 +0x724
  testing.runTests.func1()
      /usr/local/go/src/testing/testing.go:1839 +0x99
  testing.tRunner()
      /usr/local/go/src/testing/testing.go:1439 +0x213
  testing.runTests()
      /usr/local/go/src/testing/testing.go:1837 +0x7e4
  testing.(*M).Run()
      /usr/local/go/src/testing/testing.go:1719 +0xa71
  main.main()
      _testmain.go:101 +0x2e4

Goroutine 35 (running) created at:
  6.5840/raft.Make()
      /home/ubuntu/copy-6.5840/src/raft/raft.go:399 +0x36e
  6.5840/raft.(*config).start1()
      /home/ubuntu/copy-6.5840/src/raft/config.go:322 +0xa4f
  6.5840/raft.make_config()
      /home/ubuntu/copy-6.5840/src/raft/config.go:101 +0x990
  6.5840/raft.TestReElection3A()
      /home/ubuntu/copy-6.5840/src/raft/test_test.go:57 +0x50
  testing.tRunner()
      /usr/local/go/src/testing/testing.go:1439 +0x213
  testing.(*T).Run.func1()
      /usr/local/go/src/testing/testing.go:1486 +0x47
==================
==================
WARNING: DATA RACE
Read at 0x00c0002085b8 by goroutine 33:
  6.5840/raft.(*Raft).GetState()
      /home/ubuntu/copy-6.5840/src/raft/raft.go:100 +0x2e5
  6.5840/raft.(*config).checkOneLeader()
      /home/ubuntu/copy-6.5840/src/raft/config.go:438 +0x27e
  6.5840/raft.TestReElection3A()
      /home/ubuntu/copy-6.5840/src/raft/test_test.go:62 +0xb4
  testing.tRunner()
      /usr/local/go/src/testing/testing.go:1439 +0x213
  testing.(*T).Run.func1()
      /usr/local/go/src/testing/testing.go:1486 +0x47

Previous write at 0x00c0002085b8 by goroutine 55:
  6.5840/raft.(*Raft).AppendEntries()
      /home/ubuntu/copy-6.5840/src/raft/raft.go:211 +0x17a
  runtime.call32()
      /usr/local/go/src/runtime/asm_amd64.s:702 +0x48
  reflect.Value.Call()
      /usr/local/go/src/reflect/value.go:339 +0xd7
  6.5840/labrpc.(*Service).dispatch()
      /home/ubuntu/copy-6.5840/src/labrpc/labrpc.go:506 +0x47b
  6.5840/labrpc.(*Server).dispatch()
      /home/ubuntu/copy-6.5840/src/labrpc/labrpc.go:430 +0x265
  6.5840/labrpc.(*Network).processReq.func1()
      /home/ubuntu/copy-6.5840/src/labrpc/labrpc.go:240 +0x9c

Goroutine 33 (running) created at:
  testing.(*T).Run()
      /usr/local/go/src/testing/testing.go:1486 +0x724
  testing.runTests.func1()
      /usr/local/go/src/testing/testing.go:1839 +0x99
  testing.tRunner()
      /usr/local/go/src/testing/testing.go:1439 +0x213
  testing.runTests()
      /usr/local/go/src/testing/testing.go:1837 +0x7e4
  testing.(*M).Run()
      /usr/local/go/src/testing/testing.go:1719 +0xa71
  main.main()
      _testmain.go:101 +0x2e4

Goroutine 55 (finished) created at:
  6.5840/labrpc.(*Network).processReq()
      /home/ubuntu/copy-6.5840/src/labrpc/labrpc.go:239 +0x291
  6.5840/labrpc.MakeNetwork.func1.1()
      /home/ubuntu/copy-6.5840/src/labrpc/labrpc.go:157 +0x9c
==================
==================
WARNING: DATA RACE
Read at 0x00c0002085e0 by goroutine 33:
  6.5840/raft.(*Raft).GetState()
      /home/ubuntu/copy-6.5840/src/raft/raft.go:101 +0x304
  6.5840/raft.(*config).checkOneLeader()
      /home/ubuntu/copy-6.5840/src/raft/config.go:438 +0x27e
  6.5840/raft.TestReElection3A()
      /home/ubuntu/copy-6.5840/src/raft/test_test.go:62 +0xb4
  testing.tRunner()
      /usr/local/go/src/testing/testing.go:1439 +0x213
  testing.(*T).Run.func1()
      /usr/local/go/src/testing/testing.go:1486 +0x47

Previous write at 0x00c0002085e0 by goroutine 55:
  6.5840/raft.(*Raft).AppendEntries()
      /home/ubuntu/copy-6.5840/src/raft/raft.go:213 +0x1b2
  runtime.call32()
      /usr/local/go/src/runtime/asm_amd64.s:702 +0x48
  reflect.Value.Call()
      /usr/local/go/src/reflect/value.go:339 +0xd7
  6.5840/labrpc.(*Service).dispatch()
      /home/ubuntu/copy-6.5840/src/labrpc/labrpc.go:506 +0x47b
  6.5840/labrpc.(*Server).dispatch()
      /home/ubuntu/copy-6.5840/src/labrpc/labrpc.go:430 +0x265
  6.5840/labrpc.(*Network).processReq.func1()
      /home/ubuntu/copy-6.5840/src/labrpc/labrpc.go:240 +0x9c

Goroutine 33 (running) created at:
  testing.(*T).Run()
      /usr/local/go/src/testing/testing.go:1486 +0x724
  testing.runTests.func1()
      /usr/local/go/src/testing/testing.go:1839 +0x99
  testing.tRunner()
      /usr/local/go/src/testing/testing.go:1439 +0x213
  testing.runTests()
      /usr/local/go/src/testing/testing.go:1837 +0x7e4
  testing.(*M).Run()
      /usr/local/go/src/testing/testing.go:1719 +0xa71
  main.main()
      _testmain.go:101 +0x2e4

Goroutine 55 (finished) created at:
  6.5840/labrpc.(*Network).processReq()
      /home/ubuntu/copy-6.5840/src/labrpc/labrpc.go:239 +0x291
  6.5840/labrpc.MakeNetwork.func1.1()
      /home/ubuntu/copy-6.5840/src/labrpc/labrpc.go:157 +0x9c
==================
--- FAIL: TestReElection3A (5.62s)
    config.go:458: expected one leader, got none
    testing.go:1312: race detected during execution of test
Test (3A): multiple elections ...
Peer 5 become leader
==================
WARNING: DATA RACE
Read at 0x00c0002502f8 by goroutine 68:
  6.5840/raft.(*Raft).GetState()
      /home/ubuntu/copy-6.5840/src/raft/raft.go:100 +0x2e5
  6.5840/raft.(*config).checkOneLeader()
      /home/ubuntu/copy-6.5840/src/raft/config.go:438 +0x27e
  6.5840/raft.TestManyElections3A()
      /home/ubuntu/copy-6.5840/src/raft/test_test.go:102 +0xb9
  testing.tRunner()
      /usr/local/go/src/testing/testing.go:1439 +0x213
  testing.(*T).Run.func1()
      /usr/local/go/src/testing/testing.go:1486 +0x47

Previous write at 0x00c0002502f8 by goroutine 110:
  6.5840/raft.(*Raft).AppendEntries()
      /home/ubuntu/copy-6.5840/src/raft/raft.go:211 +0x17a
  runtime.call32()
      /usr/local/go/src/runtime/asm_amd64.s:702 +0x48
  reflect.Value.Call()
      /usr/local/go/src/reflect/value.go:339 +0xd7
  6.5840/labrpc.(*Service).dispatch()
      /home/ubuntu/copy-6.5840/src/labrpc/labrpc.go:506 +0x47b
  6.5840/labrpc.(*Server).dispatch()
      /home/ubuntu/copy-6.5840/src/labrpc/labrpc.go:430 +0x265
  6.5840/labrpc.(*Network).processReq.func1()
      /home/ubuntu/copy-6.5840/src/labrpc/labrpc.go:240 +0x9c

Goroutine 68 (running) created at:
  testing.(*T).Run()
      /usr/local/go/src/testing/testing.go:1486 +0x724
  testing.runTests.func1()
      /usr/local/go/src/testing/testing.go:1839 +0x99
  testing.tRunner()
      /usr/local/go/src/testing/testing.go:1439 +0x213
  testing.runTests()
      /usr/local/go/src/testing/testing.go:1837 +0x7e4
  testing.(*M).Run()
      /usr/local/go/src/testing/testing.go:1719 +0xa71
  main.main()
      _testmain.go:101 +0x2e4

Goroutine 110 (finished) created at:
  6.5840/labrpc.(*Network).processReq()
      /home/ubuntu/copy-6.5840/src/labrpc/labrpc.go:239 +0x291
  6.5840/labrpc.MakeNetwork.func1.1()
      /home/ubuntu/copy-6.5840/src/labrpc/labrpc.go:157 +0x9c
==================
==================
WARNING: DATA RACE
Read at 0x00c000250320 by goroutine 68:
  6.5840/raft.(*Raft).GetState()
      /home/ubuntu/copy-6.5840/src/raft/raft.go:101 +0x304
  6.5840/raft.(*config).checkOneLeader()
      /home/ubuntu/copy-6.5840/src/raft/config.go:438 +0x27e
  6.5840/raft.TestManyElections3A()
      /home/ubuntu/copy-6.5840/src/raft/test_test.go:102 +0xb9
  testing.tRunner()
      /usr/local/go/src/testing/testing.go:1439 +0x213
  testing.(*T).Run.func1()
      /usr/local/go/src/testing/testing.go:1486 +0x47

Previous write at 0x00c000250320 by goroutine 110:
  6.5840/raft.(*Raft).AppendEntries()
      /home/ubuntu/copy-6.5840/src/raft/raft.go:213 +0x1b2
  runtime.call32()
      /usr/local/go/src/runtime/asm_amd64.s:702 +0x48
  reflect.Value.Call()
      /usr/local/go/src/reflect/value.go:339 +0xd7
  6.5840/labrpc.(*Service).dispatch()
      /home/ubuntu/copy-6.5840/src/labrpc/labrpc.go:506 +0x47b
  6.5840/labrpc.(*Server).dispatch()
      /home/ubuntu/copy-6.5840/src/labrpc/labrpc.go:430 +0x265
  6.5840/labrpc.(*Network).processReq.func1()
      /home/ubuntu/copy-6.5840/src/labrpc/labrpc.go:240 +0x9c

Goroutine 68 (running) created at:
  testing.(*T).Run()
      /usr/local/go/src/testing/testing.go:1486 +0x724
  testing.runTests.func1()
      /usr/local/go/src/testing/testing.go:1839 +0x99
  testing.tRunner()
      /usr/local/go/src/testing/testing.go:1439 +0x213
  testing.runTests()
      /usr/local/go/src/testing/testing.go:1837 +0x7e4
  testing.(*M).Run()
      /usr/local/go/src/testing/testing.go:1719 +0xa71
  main.main()
      _testmain.go:101 +0x2e4

Goroutine 110 (finished) created at:
  6.5840/labrpc.(*Network).processReq()
      /home/ubuntu/copy-6.5840/src/labrpc/labrpc.go:239 +0x291
  6.5840/labrpc.MakeNetwork.func1.1()
      /home/ubuntu/copy-6.5840/src/labrpc/labrpc.go:157 +0x9c
==================
==================
WARNING: DATA RACE
Read at 0x00c000250668 by goroutine 68:
  6.5840/raft.(*Raft).GetState()
      /home/ubuntu/copy-6.5840/src/raft/raft.go:100 +0x2e5
  6.5840/raft.(*config).checkOneLeader()
      /home/ubuntu/copy-6.5840/src/raft/config.go:438 +0x27e
  6.5840/raft.TestManyElections3A()
      /home/ubuntu/copy-6.5840/src/raft/test_test.go:102 +0xb9
  testing.tRunner()
      /usr/local/go/src/testing/testing.go:1439 +0x213
  testing.(*T).Run.func1()
      /usr/local/go/src/testing/testing.go:1486 +0x47

Previous write at 0x00c000250668 by goroutine 80:
  6.5840/raft.(*Raft).startElection()
      /home/ubuntu/copy-6.5840/src/raft/raft.go:365 +0x45a
  6.5840/raft.(*Raft).ticker()
      /home/ubuntu/copy-6.5840/src/raft/raft.go:315 +0x23d
  6.5840/raft.Make.func1()
      /home/ubuntu/copy-6.5840/src/raft/raft.go:399 +0x39

Goroutine 68 (running) created at:
  testing.(*T).Run()
      /usr/local/go/src/testing/testing.go:1486 +0x724
  testing.runTests.func1()
      /usr/local/go/src/testing/testing.go:1839 +0x99
  testing.tRunner()
      /usr/local/go/src/testing/testing.go:1439 +0x213
  testing.runTests()
      /usr/local/go/src/testing/testing.go:1837 +0x7e4
  testing.(*M).Run()
      /usr/local/go/src/testing/testing.go:1719 +0xa71
  main.main()
      _testmain.go:101 +0x2e4

Goroutine 80 (running) created at:
  6.5840/raft.Make()
      /home/ubuntu/copy-6.5840/src/raft/raft.go:399 +0x36e
  6.5840/raft.(*config).start1()
      /home/ubuntu/copy-6.5840/src/raft/config.go:322 +0xa4f
  6.5840/raft.make_config()
      /home/ubuntu/copy-6.5840/src/raft/config.go:101 +0x990
  6.5840/raft.TestManyElections3A()
      /home/ubuntu/copy-6.5840/src/raft/test_test.go:97 +0x50
  testing.tRunner()
      /usr/local/go/src/testing/testing.go:1439 +0x213
  testing.(*T).Run.func1()
      /usr/local/go/src/testing/testing.go:1486 +0x47
==================
==================
WARNING: DATA RACE
Read at 0x00c000250690 by goroutine 68:
  6.5840/raft.(*Raft).GetState()
      /home/ubuntu/copy-6.5840/src/raft/raft.go:101 +0x304
  6.5840/raft.(*config).checkOneLeader()
      /home/ubuntu/copy-6.5840/src/raft/config.go:438 +0x27e
  6.5840/raft.TestManyElections3A()
      /home/ubuntu/copy-6.5840/src/raft/test_test.go:102 +0xb9
  testing.tRunner()
      /usr/local/go/src/testing/testing.go:1439 +0x213
  testing.(*T).Run.func1()
      /usr/local/go/src/testing/testing.go:1486 +0x47

Previous write at 0x00c000250690 by goroutine 80:
  6.5840/raft.(*Raft).startElection()
      /home/ubuntu/copy-6.5840/src/raft/raft.go:364 +0x3f1
  6.5840/raft.(*Raft).ticker()
      /home/ubuntu/copy-6.5840/src/raft/raft.go:315 +0x23d
  6.5840/raft.Make.func1()
      /home/ubuntu/copy-6.5840/src/raft/raft.go:399 +0x39

Goroutine 68 (running) created at:
  testing.(*T).Run()
      /usr/local/go/src/testing/testing.go:1486 +0x724
  testing.runTests.func1()
      /usr/local/go/src/testing/testing.go:1839 +0x99
  testing.tRunner()
      /usr/local/go/src/testing/testing.go:1439 +0x213
  testing.runTests()
      /usr/local/go/src/testing/testing.go:1837 +0x7e4
  testing.(*M).Run()
      /usr/local/go/src/testing/testing.go:1719 +0xa71
  main.main()
      _testmain.go:101 +0x2e4

Goroutine 80 (running) created at:
  6.5840/raft.Make()
      /home/ubuntu/copy-6.5840/src/raft/raft.go:399 +0x36e
  6.5840/raft.(*config).start1()
      /home/ubuntu/copy-6.5840/src/raft/config.go:322 +0xa4f
  6.5840/raft.make_config()
      /home/ubuntu/copy-6.5840/src/raft/config.go:101 +0x990
  6.5840/raft.TestManyElections3A()
      /home/ubuntu/copy-6.5840/src/raft/test_test.go:97 +0x50
  testing.tRunner()
      /usr/local/go/src/testing/testing.go:1439 +0x213
  testing.(*T).Run.func1()
      /usr/local/go/src/testing/testing.go:1486 +0x47
==================
--- FAIL: TestManyElections3A (7.04s)
    config.go:458: expected one leader, got none
    testing.go:1312: race detected during execution of test
FAIL
exit status 1
FAIL	6.5840/raft	13.260s
